2022-01-17 16:58:44.961  INFO 14716 --- [restartedMain] c.example.demo.DbConnectionApplication   : Starting DbConnectionApplication using Java 11.0.12 on 01HW1872884 with PID 14716 (C:\Users\2005696\Documents\STS Workspace\DBConnection\target\classes started by 2005696 in C:\Users\2005696\Documents\STS Workspace\DBConnection)
2022-01-17 16:58:44.963  INFO 14716 --- [restartedMain] c.example.demo.DbConnectionApplication   : No active profile set, falling back to default profiles: default
2022-01-17 16:58:44.996  INFO 14716 --- [restartedMain] .e.DevToolsPropertyDefaultsPostProcessor : Devtools property defaults active! Set 'spring.devtools.add-properties' to 'false' to disable
2022-01-17 16:58:44.996  INFO 14716 --- [restartedMain] .e.DevToolsPropertyDefaultsPostProcessor : For additional web related logging consider setting the 'logging.level.web' property to 'DEBUG'
2022-01-17 16:58:45.692  INFO 14716 --- [restartedMain] .s.d.r.c.RepositoryConfigurationDelegate : Bootstrapping Spring Data MongoDB repositories in DEFAULT mode.
2022-01-17 16:58:45.728  INFO 14716 --- [restartedMain] .s.d.r.c.RepositoryConfigurationDelegate : Finished Spring Data repository scanning in 32 ms. Found 1 MongoDB repository interfaces.
2022-01-17 16:58:46.064  INFO 14716 --- [restartedMain] o.s.b.w.embedded.tomcat.TomcatWebServer  : Tomcat initialized with port(s): 8080 (http)
2022-01-17 16:58:46.072  INFO 14716 --- [restartedMain] o.apache.catalina.core.StandardService   : Starting service [Tomcat]
2022-01-17 16:58:46.072  INFO 14716 --- [restartedMain] org.apache.catalina.core.StandardEngine  : Starting Servlet engine: [Apache Tomcat/9.0.56]
2022-01-17 16:58:46.136  INFO 14716 --- [restartedMain] o.a.c.c.C.[Tomcat].[localhost].[/]       : Initializing Spring embedded WebApplicationContext
2022-01-17 16:58:46.137  INFO 14716 --- [restartedMain] w.s.c.ServletWebServerApplicationContext : Root WebApplicationContext: initialization completed in 1140 ms
2022-01-17 16:58:46.362  INFO 14716 --- [restartedMain] org.mongodb.driver.cluster               : Cluster created with settings {hosts=[localhost:27017], mode=SINGLE, requiredClusterType=UNKNOWN, serverSelectionTimeout='30000 ms'}
2022-01-17 16:58:46.427  INFO 14716 --- [cluster-ClusterId{value='61e552eea41d071ec24c9ae4', description='null'}-localhost:27017] org.mongodb.driver.connection            : Opened connection [connectionId{localValue:1, serverValue:81}] to localhost:27017
2022-01-17 16:58:46.428  INFO 14716 --- [cluster-rtt-ClusterId{value='61e552eea41d071ec24c9ae4', description='null'}-localhost:27017] org.mongodb.driver.connection            : Opened connection [connectionId{localValue:2, serverValue:82}] to localhost:27017
2022-01-17 16:58:46.429  INFO 14716 --- [cluster-ClusterId{value='61e552eea41d071ec24c9ae4', description='null'}-localhost:27017] org.mongodb.driver.cluster               : Monitor thread successfully connected to server with description ServerDescription{address=localhost:27017, type=STANDALONE, state=CONNECTED, ok=true, minWireVersion=0, maxWireVersion=9, maxDocumentSize=16777216, logicalSessionTimeoutMinutes=30, roundTripTimeNanos=13741400}
2022-01-17 16:58:46.527  INFO 14716 --- [restartedMain] o.s.b.d.a.OptionalLiveReloadServer       : LiveReload server is running on port 35729
2022-01-17 16:58:46.962  INFO 14716 --- [restartedMain] o.s.b.a.e.web.EndpointLinksResolver      : Exposing 1 endpoint(s) beneath base path '/actuator'
2022-01-17 16:58:46.996  INFO 14716 --- [restartedMain] o.s.b.w.embedded.tomcat.TomcatWebServer  : Tomcat started on port(s): 8080 (http) with context path ''
2022-01-17 16:58:47.010  INFO 14716 --- [restartedMain] c.example.demo.DbConnectionApplication   : Started DbConnectionApplication in 2.368 seconds (JVM running for 3.173)
2022-01-17 16:58:53.518  INFO 14716 --- [http-nio-8080-exec-1] o.a.c.c.C.[Tomcat].[localhost].[/]       : Initializing Spring DispatcherServlet 'dispatcherServlet'
2022-01-17 16:58:53.519  INFO 14716 --- [http-nio-8080-exec-1] o.s.web.servlet.DispatcherServlet        : Initializing Servlet 'dispatcherServlet'
2022-01-17 16:58:53.520  INFO 14716 --- [http-nio-8080-exec-1] o.s.web.servlet.DispatcherServlet        : Completed initialization in 1 ms
2022-01-17 16:58:53.544  INFO 14716 --- [http-nio-8080-exec-1] c.e.demo.controller.BookController       : [getBook] info message
2022-01-17 16:58:53.544  WARN 14716 --- [http-nio-8080-exec-1] c.e.demo.controller.BookController       : [getBook] warn message
2022-01-17 16:58:53.545 ERROR 14716 --- [http-nio-8080-exec-1] c.e.demo.controller.BookController       : [getBook] error message
2022-01-17 16:58:53.545 DEBUG 14716 --- [http-nio-8080-exec-1] c.e.demo.controller.BookController       : [getBook] debug message
2022-01-17 16:58:53.586  INFO 14716 --- [http-nio-8080-exec-1] org.mongodb.driver.connection            : Opened connection [connectionId{localValue:3, serverValue:83}] to localhost:27017
2022-01-17 17:00:09.189  INFO 14716 --- [RMI TCP Connection(2)-127.0.0.1] inMXBeanRegistrar$SpringApplicationAdmin : Application shutdown requested.
2022-01-17 17:00:13,590 INFO  StartupInfoLogger:55 - [] Starting DbConnectionApplication using Java 11.0.12 on 01HW1872884 with PID 15536 (C:\Users\2005696\Documents\STS Workspace\DBConnection\target\classes started by 2005696 in C:\Users\2005696\Documents\STS Workspace\DBConnection)
2022-01-17 17:00:13,591 INFO  SpringApplication:635 - [] No active profile set, falling back to default profiles: default
2022-01-17 17:00:13,636 INFO  DeferredLog:255 - [] Devtools property defaults active! Set 'spring.devtools.add-properties' to 'false' to disable
2022-01-17 17:00:13,636 INFO  DeferredLog:255 - [] For additional web related logging consider setting the 'logging.level.web' property to 'DEBUG'
2022-01-17 17:00:14,338 INFO  RepositoryConfigurationDelegate:132 - [] Bootstrapping Spring Data MongoDB repositories in DEFAULT mode.
2022-01-17 17:00:14,376 INFO  RepositoryConfigurationDelegate:201 - [] Finished Spring Data repository scanning in 34 ms. Found 1 MongoDB repository interfaces.
2022-01-17 17:00:14,725 INFO  TomcatWebServer:108 - [] Tomcat initialized with port(s): 8080 (http)
2022-01-17 17:00:14,731 INFO  DirectJDKLog:173 - [] Starting service [Tomcat]
2022-01-17 17:00:14,732 INFO  DirectJDKLog:173 - [] Starting Servlet engine: [Apache Tomcat/9.0.56]
2022-01-17 17:00:14,796 INFO  DirectJDKLog:173 - [] Initializing Spring embedded WebApplicationContext
2022-01-17 17:00:14,797 INFO  ServletWebServerApplicationContext:290 - [] Root WebApplicationContext: initialization completed in 1159 ms
2022-01-17 17:00:15,017 INFO  SLF4JLogger:71 - [] Cluster created with settings {hosts=[localhost:27017], mode=SINGLE, requiredClusterType=UNKNOWN, serverSelectionTimeout='30000 ms'}
2022-01-17 17:00:15,064 INFO  SLF4JLogger:71 - [] Opened connection [connectionId{localValue:2, serverValue:85}] to localhost:27017
2022-01-17 17:00:15,064 INFO  SLF4JLogger:71 - [] Opened connection [connectionId{localValue:1, serverValue:84}] to localhost:27017
2022-01-17 17:00:15,066 INFO  SLF4JLogger:71 - [] Monitor thread successfully connected to server with description ServerDescription{address=localhost:27017, type=STANDALONE, state=CONNECTED, ok=true, minWireVersion=0, maxWireVersion=9, maxDocumentSize=16777216, logicalSessionTimeoutMinutes=30, roundTripTimeNanos=14252800}
2022-01-17 17:00:15,159 INFO  OptionalLiveReloadServer:58 - [] LiveReload server is running on port 35729
2022-01-17 17:00:15,590 INFO  EndpointLinksResolver:58 - [] Exposing 1 endpoint(s) beneath base path '/actuator'
2022-01-17 17:00:15,626 INFO  TomcatWebServer:220 - [] Tomcat started on port(s): 8080 (http) with context path ''
2022-01-17 17:00:15,639 INFO  StartupInfoLogger:61 - [] Started DbConnectionApplication in 2.428 seconds (JVM running for 3.212)
2022-01-17 17:00:22,438 INFO  DirectJDKLog:173 - [] Initializing Spring DispatcherServlet 'dispatcherServlet'
2022-01-17 17:00:22,439 INFO  FrameworkServlet:525 - [] Initializing Servlet 'dispatcherServlet'
2022-01-17 17:00:22,440 INFO  FrameworkServlet:547 - [] Completed initialization in 1 ms
2022-01-17 17:00:22,464 INFO  BookController:47 - [] [getBook] info message
2022-01-17 17:00:22,464 WARN  BookController:48 - [] [getBook] warn message
2022-01-17 17:00:22,465 ERROR BookController:49 - [] [getBook] error message
2022-01-17 17:00:22,465 DEBUG BookController:50 - [] [getBook] debug message
2022-01-17 17:00:22,508 INFO  SLF4JLogger:71 - [] Opened connection [connectionId{localValue:3, serverValue:86}] to localhost:27017
